<?xml version="1.0" encoding="UTF-8"?>
<testsuite name="zoo.TestInterfaces" tests="2" skipped="0" failures="0" errors="0" timestamp="2025-10-12T20:23:41.519Z" hostname="DESKTOP-MAHVHFA" time="0.002">
  <properties/>
  <testcase name="testIInventoryImplementation()" classname="zoo.TestInterfaces" time="0.001"/>
  <testcase name="testIAliveImplementation()" classname="zoo.TestInterfaces" time="0.0"/>
  <system-out><![CDATA[]]></system-out>
  <system-err><![CDATA[]]></system-err>
</testsuite>
