<?xml version="1.0" encoding="UTF-8"?>
<testsuite name="zoo.TestAnimalClasses" tests="6" skipped="0" failures="0" errors="0" timestamp="2025-10-12T20:23:41.492Z" hostname="DESKTOP-MAHVHFA" time="0.024">
  <properties/>
  <testcase name="testMonkeyCreation()" classname="zoo.TestAnimalClasses" time="0.016"/>
  <testcase name="testHerbivoreCanBeInContactZoo()" classname="zoo.TestAnimalClasses" time="0.001"/>
  <testcase name="testWolfCreation()" classname="zoo.TestAnimalClasses" time="0.001"/>
  <testcase name="testPredatorCannotBeInContactZoo()" classname="zoo.TestAnimalClasses" time="0.001"/>
  <testcase name="testTigerCreation()" classname="zoo.TestAnimalClasses" time="0.0"/>
  <testcase name="testRabbitCreation()" classname="zoo.TestAnimalClasses" time="0.0"/>
  <system-out><![CDATA[]]></system-out>
  <system-err><![CDATA[]]></system-err>
</testsuite>
