<?xml version="1.0" encoding="UTF-8"?>
<testsuite name="zoo.TestZooService" tests="5" skipped="0" failures="0" errors="0" timestamp="2025-10-12T20:23:41.532Z" hostname="DESKTOP-MAHVHFA" time="0.006">
  <properties/>
  <testcase name="testAddThing()" classname="zoo.TestZooService" time="0.002"/>
  <testcase name="testGetAnimalsForContactZoo()" classname="zoo.TestZooService" time="0.001"/>
  <testcase name="testCalculateTotalFood()" classname="zoo.TestZooService" time="0.001"/>
  <testcase name="testGetAllInventory()" classname="zoo.TestZooService" time="0.001"/>
  <testcase name="testAddAnimal_Successful()" classname="zoo.TestZooService" time="0.001"/>
  <system-out><![CDATA[]]></system-out>
  <system-err><![CDATA[]]></system-err>
</testsuite>
